
194202457: Page modules failed software verification
194202457: /var/www/html/release/products.json
194213372: Page modules failed software verification
194213372: /var/www/html/release/products.json
194224277: Page modules failed software verification
194224277: /var/www/html/release/products.json
194235194: Page modules failed software verification
194235194: /var/www/html/release/products.json
194246108: Page modules failed software verification
194246108: /var/www/html/release/products.json
194257144: Page modules failed software verification
194257144: /var/www/html/release/products.json
194308083: Page modules failed software verification
194308083: /var/www/html/release/products.json
194318991: Page modules failed software verification
194318991: /var/www/html/release/products.json
194329908: Page modules failed software verification
194329908: /var/www/html/release/products.json
194340849: Page modules failed software verification
194340849: /var/www/html/release/products.json
194351747: Page modules failed software verification
194351747: /var/www/html/release/products.json
194402774: Page modules failed software verification
194402774: /var/www/html/release/products.json
194413713: Page modules failed software verification
194413713: /var/www/html/release/products.json
194424614: Page modules failed software verification
194424614: /var/www/html/release/products.json
194435572: Page modules failed software verification
194435572: /var/www/html/release/products.json
194446492: Page modules failed software verification
194446492: /var/www/html/release/products.json
194457460: Page modules failed software verification
194457460: /var/www/html/release/products.json
194508480: /var/www/html/release/products.json
194519407: /var/www/html/release/products.json
194530328: /var/www/html/release/products.json
194541249: /var/www/html/release/products.json
194552197: /var/www/html/release/products.json
194603108: /var/www/html/release/products.json
194614136: /var/www/html/release/products.json
194625050: /var/www/html/release/products.json
194635963: /var/www/html/release/products.json
194646882: /var/www/html/release/products.json
194657794: /var/www/html/release/products.json
194708713: /var/www/html/release/products.json
194719705: /var/www/html/release/products.json
194730629: /var/www/html/release/products.json
194741549: /var/www/html/release/products.json
194752460: /var/www/html/release/products.json
194803379: /var/www/html/release/products.json
194814291: /var/www/html/release/products.json
194825303: /var/www/html/release/products.json
194836217: /var/www/html/release/products.json
194847122: /var/www/html/release/products.json
194858048: /var/www/html/release/products.json
194908966: /var/www/html/release/products.json
194919889: /var/www/html/release/products.json
194930913: /var/www/html/release/products.json
194941824: /var/www/html/release/products.json
194952725: /var/www/html/release/products.json
195003645: /var/www/html/release/products.json
195014569: /var/www/html/release/products.json
195025485: /var/www/html/release/products.json
195036471: /var/www/html/release/products.json
195047404: /var/www/html/release/products.json
195058321: /var/www/html/release/products.json
195109232: /var/www/html/release/products.json
195120172: /var/www/html/release/products.json
195131083: /var/www/html/release/products.json
195142085: /var/www/html/release/products.json
195153046: /var/www/html/release/products.json
195203958: /var/www/html/release/products.json
195214868: /var/www/html/release/products.json
195225787: /var/www/html/release/products.json
195236708: /var/www/html/release/products.json
195247697: /var/www/html/release/products.json
195258684: /var/www/html/release/products.json
195309600: /var/www/html/release/products.json
195320508: /var/www/html/release/products.json
195331421: /var/www/html/release/products.json
195342334: /var/www/html/release/products.json
195353258: /var/www/html/release/products.json
195404267: /var/www/html/release/products.json
195415183: /var/www/html/release/products.json
195426096: /var/www/html/release/products.json
195437008: /var/www/html/release/products.json
195447917: /var/www/html/release/products.json
195458827: /var/www/html/release/products.json
195509851: /var/www/html/release/products.json
195520795: /var/www/html/release/products.json
195531741: /var/www/html/release/products.json
195542658: /var/www/html/release/products.json
195553600: /var/www/html/release/products.json
195604511: /var/www/html/release/products.json
195615543: /var/www/html/release/products.json
195626459: /var/www/html/release/products.json
195637369: /var/www/html/release/products.json
195648283: /var/www/html/release/products.json
195659200: /var/www/html/release/products.json
195710132: /var/www/html/release/products.json
195721160: /var/www/html/release/products.json
195732074: /var/www/html/release/products.json
195742977: /var/www/html/release/products.json
195753891: /var/www/html/release/products.json
195804805: /var/www/html/release/products.json
195815717: /var/www/html/release/products.json
195826716: /var/www/html/release/products.json
195837692: /var/www/html/release/products.json
195848609: /var/www/html/release/products.json
195859532: /var/www/html/release/products.json
195910447: /var/www/html/release/products.json
195921363: /var/www/html/release/products.json
195932362: /var/www/html/release/products.json
195943359: /var/www/html/release/products.json
195954271: /var/www/html/release/products.json
200005190: /var/www/html/release/products.json
200016104: /var/www/html/release/products.json
200027017: /var/www/html/release/products.json
200037932: /var/www/html/release/products.json
200048971: /var/www/html/release/products.json
200059878: /var/www/html/release/products.json
200110787: /var/www/html/release/products.json
200121697: /var/www/html/release/products.json
200132607: /var/www/html/release/products.json
200143522: /var/www/html/release/products.json
200154526: /var/www/html/release/products.json
200205433: /var/www/html/release/products.json
200216366: /var/www/html/release/products.json
200227274: /var/www/html/release/products.json
200238187: /var/www/html/release/products.json
200249098: /var/www/html/release/products.json
200300124: /var/www/html/release/products.json
200311029: /var/www/html/release/products.json
200321935: /var/www/html/release/products.json
200332849: /var/www/html/release/products.json
200343757: /var/www/html/release/products.json
200354687: /var/www/html/release/products.json
200405698: /var/www/html/release/products.json
200416615: /var/www/html/release/products.json
200427524: /var/www/html/release/products.json
200438447: /var/www/html/release/products.json
200449353: /var/www/html/release/products.json
200500292: /var/www/html/release/products.json
200511293: /var/www/html/release/products.json
200522197: /var/www/html/release/products.json
200533109: /var/www/html/release/products.json
200544021: /var/www/html/release/products.json
200554957: /var/www/html/release/products.json
200605867: /var/www/html/release/products.json
200616936: /var/www/html/release/products.json
200627855: /var/www/html/release/products.json
200638789: /var/www/html/release/products.json
200649700: /var/www/html/release/products.json
200700646: /var/www/html/release/products.json
200711556: /var/www/html/release/products.json
200722588: /var/www/html/release/products.json
200733517: /var/www/html/release/products.json
200744423: /var/www/html/release/products.json
200755367: /var/www/html/release/products.json
200806286: /var/www/html/release/products.json
200817197: /var/www/html/release/products.json
200828175: /var/www/html/release/products.json
200839122: /var/www/html/release/products.json
200850026: /var/www/html/release/products.json
200900938: /var/www/html/release/products.json
200911888: /var/www/html/release/products.json
200922807: /var/www/html/release/products.json
200933780: /var/www/html/release/products.json
200944745: /var/www/html/release/products.json
200955658: /var/www/html/release/products.json
201006583: /var/www/html/release/products.json
201017495: /var/www/html/release/products.json
201028409: /var/www/html/release/products.json
201039349: /var/www/html/release/products.json
201050338: /var/www/html/release/products.json
201101250: /var/www/html/release/products.json
201112162: /var/www/html/release/products.json
201123066: /var/www/html/release/products.json
201133980: /var/www/html/release/products.json
201144933: /var/www/html/release/products.json
201155923: /var/www/html/release/products.json
201206849: /var/www/html/release/products.json
201217767: /var/www/html/release/products.json
201228688: /var/www/html/release/products.json
201239607: /var/www/html/release/products.json
201250524: /var/www/html/release/products.json
201301551: /var/www/html/release/products.json
201312464: /var/www/html/release/products.json
201323374: /var/www/html/release/products.json
201334287: /var/www/html/release/products.json
201345228: /var/www/html/release/products.json
201356144: /var/www/html/release/products.json
201407167: /var/www/html/release/products.json
201418081: /var/www/html/release/products.json
201428990: /var/www/html/release/products.json
201439911: /var/www/html/release/products.json
201450832: /var/www/html/release/products.json
201501746: /var/www/html/release/products.json
201512739: /var/www/html/release/products.json
201523645: /var/www/html/release/products.json
201534557: /var/www/html/release/products.json
201545465: /var/www/html/release/products.json
201556410: /var/www/html/release/products.json
201607327: /var/www/html/release/products.json
201618357: /var/www/html/release/products.json
201629278: /var/www/html/release/products.json
201640187: /var/www/html/release/products.json
201640187: Import ProductList = /var/www/html/release/products.json
201640187: Removed /var/www/html/release/products.json
201640187: IMPORTED
201651816: /var/www/html/release/products.json
201702757: /var/www/html/release/products.json
201713697: /var/www/html/release/products.json
201724682: /var/www/html/release/products.json
201735623: /var/www/html/release/products.json
201746527: /var/www/html/release/products.json
201757473: /var/www/html/release/products.json
201808428: /var/www/html/release/products.json
201819332: /var/www/html/release/products.json
201830312: /var/www/html/release/products.json
201841270: /var/www/html/release/products.json
201852227: /var/www/html/release/products.json
201903170: /var/www/html/release/products.json
201914082: /var/www/html/release/products.json
201924997: /var/www/html/release/products.json
201935971: /var/www/html/release/products.json
201946908: /var/www/html/release/products.json
201946908: Import ProductList = /var/www/html/release/products.json
201946908: Removed /var/www/html/release/products.json
201946908: IMPORTED
202000317: /var/www/html/release/products.json
202011243: /var/www/html/release/products.json
202022161: /var/www/html/release/products.json
202033082: /var/www/html/release/products.json
202044027: /var/www/html/release/products.json
202054948: /var/www/html/release/products.json
202105939: /var/www/html/release/products.json
202116858: /var/www/html/release/products.json
202127766: /var/www/html/release/products.json
202127766: Import ProductList = /var/www/html/release/products.json
202127766: Removed /var/www/html/release/products.json
202127766: IMPORTED
202141057: /var/www/html/release/products.json
202151967: /var/www/html/release/products.json
202202881: /var/www/html/release/products.json
202213827: /var/www/html/release/products.json
202224767: /var/www/html/release/products.json
202235863: /var/www/html/release/products.json
202246811: /var/www/html/release/products.json
202257746: /var/www/html/release/products.json
202308680: /var/www/html/release/products.json
202319607: /var/www/html/release/products.json
202330582: /var/www/html/release/products.json
202341587: /var/www/html/release/products.json
202352539: /var/www/html/release/products.json
202403497: /var/www/html/release/products.json
202414448: /var/www/html/release/products.json
202425417: /var/www/html/release/products.json
202436447: /var/www/html/release/products.json
202447377: /var/www/html/release/products.json
202458317: /var/www/html/release/products.json
202509276: /var/www/html/release/products.json
202520227: /var/www/html/release/products.json
202531307: /var/www/html/release/products.json
202542231: /var/www/html/release/products.json
202553160: /var/www/html/release/products.json
202604071: /var/www/html/release/products.json
202614988: /var/www/html/release/products.json
202625943: /var/www/html/release/products.json
202636974: /var/www/html/release/products.json
202647902: /var/www/html/release/products.json
202658855: /var/www/html/release/products.json
202709770: /var/www/html/release/products.json
202720677: /var/www/html/release/products.json
202731918: /var/www/html/release/products.json
202742883: /var/www/html/release/products.json
202753791: /var/www/html/release/products.json
202804711: /var/www/html/release/products.json
202815628: /var/www/html/release/products.json
202826537: /var/www/html/release/products.json
202837552: /var/www/html/release/products.json
202848465: /var/www/html/release/products.json
202859388: /var/www/html/release/products.json
202910301: /var/www/html/release/products.json
202921210: /var/www/html/release/products.json
202932131: /var/www/html/release/products.json
202943152: /var/www/html/release/products.json
202954085: /var/www/html/release/products.json
203005010: /var/www/html/release/products.json
203015932: /var/www/html/release/products.json
203026847: /var/www/html/release/products.json
203037757: /var/www/html/release/products.json
203048742: /var/www/html/release/products.json
203059663: /var/www/html/release/products.json
203110605: /var/www/html/release/products.json
203121510: /var/www/html/release/products.json
203132430: /var/www/html/release/products.json
203143337: /var/www/html/release/products.json
203154315: /var/www/html/release/products.json
203205279: /var/www/html/release/products.json
203216184: /var/www/html/release/products.json
203227101: /var/www/html/release/products.json
203238029: /var/www/html/release/products.json
203248972: /var/www/html/release/products.json
203259924: /var/www/html/release/products.json
203310887: /var/www/html/release/products.json
203321807: /var/www/html/release/products.json